<?xml version="1.0" encoding="UTF-8"?>
<!-- Generated by org.testng.reporters.JUnitReportReporter -->
<testsuite hostname="DESKTOP-B9QHCKI" failures="0" tests="6" name="runner.TestRunner" time="32.782" errors="0" timestamp="2025-08-11T17:40:24 EDT" skipped="0">
  <testcase classname="runner.TestRunner" name="runScenario" time="5.013"/>
  <testcase classname="runner.TestRunner" name="runScenario" time="5.878"/>
  <testcase classname="runner.TestRunner" name="runScenario" time="5.339"/>
  <testcase classname="runner.TestRunner" name="runScenario" time="4.898"/>
  <testcase classname="runner.TestRunner" name="runScenario" time="6.677"/>
  <testcase classname="runner.TestRunner" name="runScenario" time="4.977"/>
</testsuite> <!-- runner.TestRunner -->
