<?xml version="1.0" encoding="UTF-8"?>
<!-- Generated by org.testng.reporters.JUnitReportReporter -->
<testsuite hostname="DESKTOP-B9QHCKI" failures="0" tests="6" name="runner.TestRunner" time="23.784" errors="0" timestamp="2025-08-25T14:48:20 EDT" skipped="0">
  <testcase classname="runner.TestRunner" name="runScenario" time="4.931"/>
  <testcase classname="runner.TestRunner" name="runScenario" time="3.824"/>
  <testcase classname="runner.TestRunner" name="runScenario" time="3.757"/>
  <testcase classname="runner.TestRunner" name="runScenario" time="3.825"/>
  <testcase classname="runner.TestRunner" name="runScenario" time="3.799"/>
  <testcase classname="runner.TestRunner" name="runScenario" time="3.648"/>
</testsuite> <!-- runner.TestRunner -->
